<?xml version="1.0" encoding="UTF-8"?>
<!-- Generated by org.testng.reporters.JUnitReportReporter -->
<testsuite hostname="DESKTOP-Q1NTH4L" failures="0" tests="3" name="firstprojectWinthTestNGAndAssert.CreateContact" time="32.722" errors="0" timestamp="2026-01-08T16:27:20 IST" skipped="0">
  <testcase classname="firstprojectWinthTestNGAndAssert.CreateContact" name="createContactWithOrganization" time="15.460"/>
  <testcase classname="firstprojectWinthTestNGAndAssert.CreateContact" name="createContact" time="7.884"/>
  <testcase classname="firstprojectWinthTestNGAndAssert.CreateContact" name="createContactWithTime" time="9.378"/>
  <system-out>
    <![CDATA[================testcase pass=================]]>
  </system-out>
</testsuite> <!-- firstprojectWinthTestNGAndAssert.CreateContact -->
