<?xml version="1.0" encoding="UTF-8"?>
<!-- Generated by org.testng.reporters.JUnitReportReporter -->
<testsuite hostname="DESKTOP-Q1NTH4L" failures="0" tests="2" name="firstprojectWinthTestNG.OranizationTestWithBaseClassForGroupExecution" time="22.932" errors="0" timestamp="2025-12-30T16:29:36 IST" skipped="0">
  <testcase classname="firstprojectWinthTestNG.OranizationTestWithBaseClassForGroupExecution" name="createOranizationTest" time="11.534"/>
  <testcase classname="firstprojectWinthTestNG.OranizationTestWithBaseClassForGroupExecution" name="createOranizationTest" time="11.398"/>
</testsuite> <!-- firstprojectWinthTestNG.OranizationTestWithBaseClassForGroupExecution -->
