<?xml version="1.0" encoding="UTF-8"?>
<!-- Generated by org.testng.reporters.JUnitReportReporter -->
<testsuite hostname="DESKTOP-Q1NTH4L" failures="0" tests="2" name="firstprojectWinthTestNGAndAssert.DemoTest" time="23.385" errors="0" timestamp="2026-01-08T17:18:45 IST" skipped="0">
  <testcase classname="firstprojectWinthTestNGAndAssert.DemoTest" name="demoTest" time="18.237"/>
  <testcase classname="firstprojectWinthTestNGAndAssert.DemoTest" name="laptopData" time="5.148"/>
</testsuite> <!-- firstprojectWinthTestNGAndAssert.DemoTest -->
