<?xml version="1.0" encoding="UTF-8"?>
<!-- Generated by org.testng.reporters.JUnitReportReporter -->
<testsuite hostname="DESKTOP-Q1NTH4L" failures="0" tests="2" name="firstprojectWinthTestNG.OranizationTestWithBaseClass" time="17.733" errors="0" timestamp="2025-12-30T14:56:25 IST" skipped="0">
  <testcase classname="firstprojectWinthTestNG.OranizationTestWithBaseClass" name="createOrganizationWithPhoneNumberTest" time="6.901"/>
  <testcase classname="firstprojectWinthTestNG.OranizationTestWithBaseClass" name="createOranizationTest" time="10.832"/>
</testsuite> <!-- firstprojectWinthTestNG.OranizationTestWithBaseClass -->
