<?xml version="1.0" encoding="UTF-8"?>
<!-- Generated by org.testng.reporters.JUnitReportReporter -->
<testsuite hostname="DESKTOP-Q1NTH4L" failures="0" tests="3" name="firstprojectWinthTestNGAndAssert.CreateProducts" time="35.814" errors="0" timestamp="2026-01-08T16:27:20 IST" skipped="0">
  <testcase classname="firstprojectWinthTestNGAndAssert.CreateProducts" name="ProductsWithStartAndDate" time="11.191"/>
  <testcase classname="firstprojectWinthTestNGAndAssert.CreateProducts" name="createProducts" time="9.221"/>
  <testcase classname="firstprojectWinthTestNGAndAssert.CreateProducts" name="SearchProductAndDelete" time="15.402"/>
  <system-out>
    <![CDATA[================testcase pass=================]]>
  </system-out>
</testsuite> <!-- firstprojectWinthTestNGAndAssert.CreateProducts -->
