<?xml version="1.0" encoding="UTF-8"?>
<!-- Generated by org.testng.reporters.JUnitReportReporter -->
<testsuite hostname="DESKTOP-Q1NTH4L" failures="0" tests="4" name="firstprojectWinthTestNGAndAssert.OranizationTestWithBaseClass" time="38.615" errors="0" timestamp="2026-01-08T16:27:20 IST" skipped="0">
  <testcase classname="firstprojectWinthTestNGAndAssert.OranizationTestWithBaseClass" name="createOrganizationWithPhoneNumberTest" time="9.985"/>
  <testcase classname="firstprojectWinthTestNGAndAssert.OranizationTestWithBaseClass" name="createOranizationWithIndustryAndType" time="7.870">
    <system-out>
      <![CDATA[================testcase pass=================]]>
    </system-out>
  </testcase> <!-- createOranizationWithIndustryAndType -->
  <testcase classname="firstprojectWinthTestNGAndAssert.OranizationTestWithBaseClass" name="DeleteDynamicDataTest" time="13.284"/>
  <testcase classname="firstprojectWinthTestNGAndAssert.OranizationTestWithBaseClass" name="createOranizationTest" time="7.476"/>
  <system-out>
    <![CDATA[================testcase pass=================]]>
  </system-out>
</testsuite> <!-- firstprojectWinthTestNGAndAssert.OranizationTestWithBaseClass -->
