<?xml version="1.0" encoding="UTF-8"?>
<!-- Generated by org.testng.reporters.JUnitXMLReporter -->
<testsuite ignored="1" hostname="DESKTOP-Q1NTH4L" failures="0" tests="1" name="Test1" time="17.926" errors="0" timestamp="2025-12-30T15:57:09 IST">
  <testcase classname="firstprojectWinthTestNG.OranizationTestWithBaseClassForGroupExecution" name="createOranizationTest" time="7.611"/>
  <testcase classname="firstprojectWinthTestNG.OranizationTestWithBaseClassForGroupExecution" name="createOrganizationWithPhoneNumberTest" time="0.0">
    <ignored/>
  </testcase> <!-- createOrganizationWithPhoneNumberTest -->
</testsuite> <!-- Test1 -->
