<?xml version="1.0" encoding="UTF-8"?>
<!-- Generated by org.testng.reporters.JUnitXMLReporter -->
<testsuite ignored="1" hostname="DESKTOP-Q1NTH4L" failures="0" tests="1" name="Test_chrome" time="15.84" errors="0" timestamp="2025-12-30T16:29:27 IST">
  <testcase classname="firstprojectWinthTestNG.OranizationTestWithBaseClassForGroupExecution" name="createOranizationTest" time="7.11"/>
  <testcase classname="firstprojectWinthTestNG.OranizationTestWithBaseClassForGroupExecution" name="createOrganizationWithPhoneNumberTest" time="0.0">
    <ignored/>
  </testcase> <!-- createOrganizationWithPhoneNumberTest -->
</testsuite> <!-- Test_chrome -->
