<?xml version="1.0" encoding="UTF-8"?>
<testng-results ignored="0" total="2" passed="2" failed="0" skipped="0">
  <reporter-output>
  </reporter-output>
  <suite started-at="2026-01-08T17:18:18 IST" name="Suite" finished-at="2026-01-08T17:18:45 IST" duration-ms="26765">
    <groups>
    </groups>
    <test started-at="2026-01-08T17:18:18 IST" name="Test" finished-at="2026-01-08T17:18:45 IST" duration-ms="26765">
      <class name="firstprojectWinthTestNGAndAssert.DemoTest">
        <test-method is-config="true" signature="configBS()[pri:0, instance:firstprojectWinthTestNGAndAssert.DemoTest@20d525]" started-at="2026-01-08T17:18:18 IST" name="configBS" finished-at="2026-01-08T17:18:18 IST" duration-ms="9" status="PASS">
          <reporter-output>
          </reporter-output>
        </test-method> <!-- configBS -->
        <test-method is-config="true" signature="configBC(java.lang.String)[pri:0, instance:firstprojectWinthTestNGAndAssert.DemoTest@20d525]" started-at="2026-01-08T17:18:18 IST" name="configBC" finished-at="2026-01-08T17:18:21 IST" duration-ms="3009" status="PASS">
          <params>
            <param index="0">
              <value>
                <![CDATA[chrome]]>
              </value>
            </param>
          </params>
          <reporter-output>
          </reporter-output>
        </test-method> <!-- configBC -->
        <test-method is-config="true" signature="configBM()[pri:0, instance:firstprojectWinthTestNGAndAssert.DemoTest@20d525]" started-at="2026-01-08T17:18:21 IST" name="configBM" finished-at="2026-01-08T17:18:21 IST" duration-ms="1" status="PASS">
          <reporter-output>
          </reporter-output>
        </test-method> <!-- configBM -->
        <test-method signature="demoTest()[pri:0, instance:firstprojectWinthTestNGAndAssert.DemoTest@20d525]" started-at="2026-01-08T17:18:21 IST" name="demoTest" finished-at="2026-01-08T17:18:39 IST" duration-ms="18233" status="PASS">
          <reporter-output>
          </reporter-output>
        </test-method> <!-- demoTest -->
        <test-method is-config="true" signature="configAM()[pri:0, instance:firstprojectWinthTestNGAndAssert.DemoTest@20d525]" started-at="2026-01-08T17:18:39 IST" name="configAM" finished-at="2026-01-08T17:18:39 IST" duration-ms="1" status="PASS">
          <reporter-output>
          </reporter-output>
        </test-method> <!-- configAM -->
        <test-method is-config="true" signature="configBM()[pri:0, instance:firstprojectWinthTestNGAndAssert.DemoTest@20d525]" started-at="2026-01-08T17:18:40 IST" name="configBM" finished-at="2026-01-08T17:18:40 IST" duration-ms="1" status="PASS">
          <reporter-output>
          </reporter-output>
        </test-method> <!-- configBM -->
        <test-method signature="laptopData(java.lang.String,java.lang.String,java.lang.String,java.lang.String,java.lang.String,java.lang.String)[pri:0, instance:firstprojectWinthTestNGAndAssert.DemoTest@20d525]" started-at="2026-01-08T17:18:40 IST" name="laptopData" data-provider="getData" finished-at="2026-01-08T17:18:45 IST" duration-ms="5146" status="PASS">
          <params>
            <param index="0">
              <value>
                <![CDATA[aditya]]>
              </value>
            </param>
            <param index="1">
              <value>
                <![CDATA[india]]>
              </value>
            </param>
            <param index="2">
              <value>
                <![CDATA[mumbai]]>
              </value>
            </param>
            <param index="3">
              <value>
                <![CDATA[abcd123]]>
              </value>
            </param>
            <param index="4">
              <value>
                <![CDATA[july ]]>
              </value>
            </param>
            <param index="5">
              <value>
                <![CDATA[2025]]>
              </value>
            </param>
          </params>
          <reporter-output>
          </reporter-output>
        </test-method> <!-- laptopData -->
        <test-method is-config="true" signature="configAM()[pri:0, instance:firstprojectWinthTestNGAndAssert.DemoTest@20d525]" started-at="2026-01-08T17:18:45 IST" name="configAM" finished-at="2026-01-08T17:18:45 IST" duration-ms="3" status="PASS">
          <reporter-output>
          </reporter-output>
        </test-method> <!-- configAM -->
        <test-method is-config="true" signature="configAC()[pri:0, instance:firstprojectWinthTestNGAndAssert.DemoTest@20d525]" started-at="2026-01-08T17:18:45 IST" name="configAC" finished-at="2026-01-08T17:18:45 IST" duration-ms="1" status="PASS">
          <reporter-output>
          </reporter-output>
        </test-method> <!-- configAC -->
        <test-method is-config="true" signature="configAS()[pri:0, instance:firstprojectWinthTestNGAndAssert.DemoTest@20d525]" started-at="2026-01-08T17:18:45 IST" name="configAS" finished-at="2026-01-08T17:18:45 IST" duration-ms="0" status="PASS">
          <reporter-output>
          </reporter-output>
        </test-method> <!-- configAS -->
      </class> <!-- firstprojectWinthTestNGAndAssert.DemoTest -->
    </test> <!-- Test -->
  </suite> <!-- Suite -->
</testng-results>
